[    0.000000] Linux version 4.15.0-212-generic (buildd@lcy02-amd64-083) (gcc version 7.5.0 (Ubuntu 7.5.0-3ubuntu1~18.04)) #223-Ubuntu SMP Tue May 23 13:09:22 UTC 2023 (Ubuntu 4.15.0-212.223-generic 4.15.18)
[    0.000000] Command line: BOOT_IMAGE=/boot/vmlinuz-4.15.0-212-generic root=LABEL=cloudimg-rootfs ro console=tty1 console=ttyS0
[    0.000000] KERNEL supported cpus:
[    0.000000]   Intel GenuineIntel
[    0.000000]   AMD AuthenticAMD
[    0.000000]   Centaur CentaurHauls
[    0.000000] x86/fpu: x87 FPU will use FXSAVE
[    0.000000] e820: BIOS-provided physical RAM map:
[    0.000000] BIOS-e820: [mem 0x0000000000000000-0x000000000009fbff] usable
[    0.000000] BIOS-e820: [mem 0x000000000009fc00-0x000000000009ffff] reserved
[    0.000000] BIOS-e820: [mem 0x00000000000f0000-0x00000000000fffff] reserved
[    0.000000] BIOS-e820: [mem 0x0000000000100000-0x000000003ffeffff] usable
[    0.000000] BIOS-e820: [mem 0x000000003fff0000-0x000000003fffffff] ACPI data
[    0.000000] BIOS-e820: [mem 0x00000000fec00000-0x00000000fec00fff] reserved
[    0.000000] BIOS-e820: [mem 0x00000000fee00000-0x00000000fee00fff] reserved
[    0.000000] BIOS-e820: [mem 0x00000000fffc0000-0x00000000ffffffff] reserved
[    0.000000] NX (Execute Disable) protection: active
[    0.000000] SMBIOS 2.5 present.
[    0.000000] DMI: innotek GmbH VirtualBox/VirtualBox, BIOS VirtualBox 12/01/2006
[    0.000000] Hypervisor detected: KVM
[    0.000000] e820: last_pfn = 0x3fff0 max_arch_pfn = 0x400000000
[    0.000000] MTRR: Disabled
[    0.000000] x86/PAT: MTRRs disabled, skipping PAT initialization too.
[    0.000000] CPU MTRRs all blank - virtualized system.
[    0.000000] x86/PAT: Configuration [0-7]: WB  WT  UC- UC  WB  WT  UC- UC  
[    0.000000] found SMP MP-table at [mem 0x0009fff0-0x0009ffff]
[    0.000000] Scanning 1 areas for low memory corruption
[    0.000000] RAMDISK: [mem 0x359cb000-0x36cdcfff]
[    0.000000] ACPI: Early table checksum verification disabled
[    0.000000] ACPI: RSDP 0x00000000000E0000 000024 (v02 VBOX  )
[    0.000000] ACPI: XSDT 0x000000003FFF0030 00003C (v01 VBOX   VBOXXSDT 00000001 ASL  00000061)
[    0.000000] ACPI: FACP 0x000000003FFF00F0 0000F4 (v04 VBOX   VBOXFACP 00000001 ASL  00000061)
[    0.000000] ACPI: DSDT 0x000000003FFF0610 002353 (v02 VBOX   VBOXBIOS 00000002 INTL 20100528)
[    0.000000] ACPI: FACS 0x000000003FFF0200 000040
[    0.000000] ACPI: FACS 0x000000003FFF0200 000040
[    0.000000] ACPI: APIC 0x000000003FFF0240 00005C (v02 VBOX   VBOXAPIC 00000001 ASL  00000061)
[    0.000000] ACPI: SSDT 0x000000003FFF02A0 00036C (v01 VBOX   VBOXCPUT 00000002 INTL 20100528)
[    0.000000] ACPI: Reserving FACP table memory at [mem 0x3fff00f0-0x3fff01e3]
[    0.000000] ACPI: Reserving DSDT table memory at [mem 0x3fff0610-0x3fff2962]
[    0.000000] ACPI: Reserving FACS table memory at [mem 0x3fff0200-0x3fff023f]
[    0.000000] ACPI: Reserving FACS table memory at [mem 0x3fff0200-0x3fff023f]
[    0.000000] ACPI: Reserving APIC table memory at [mem 0x3fff0240-0x3fff029b]
[    0.000000] ACPI: Reserving SSDT table memory at [mem 0x3fff02a0-0x3fff060b]
[    0.000000] No NUMA configuration found
[    0.000000] Faking a node at [mem 0x0000000000000000-0x000000003ffeffff]
[    0.000000] NODE_DATA(0) allocated [mem 0x3ffc5000-0x3ffeffff]
[    0.000000] kvm-clock: cpu 0, msr 0:3ff44001, primary cpu clock
[    0.000000] kvm-clock: Using msrs 4b564d01 and 4b564d00
[    0.000000] kvm-clock: using sched offset of 3422863394 cycles
[    0.000000] clocksource: kvm-clock: mask: 0xffffffffffffffff max_cycles: 0x1cd42e4dffb, max_idle_ns: 881590591483 ns
[    0.000000] Zone ranges:
[    0.000000]   DMA      [mem 0x0000000000001000-0x0000000000ffffff]
[    0.000000]   DMA32    [mem 0x0000000001000000-0x000000003ffeffff]
[    0.000000]   Normal   empty
[    0.000000]   Device   empty
[    0.000000] Movable zone start for each node
[    0.000000] Early memory node ranges
[    0.000000]   node   0: [mem 0x0000000000001000-0x000000000009efff]
[    0.000000]   node   0: [mem 0x0000000000100000-0x000000003ffeffff]
[    0.000000] Reserved but unavailable: 104 pages
[    0.000000] Initmem setup node 0 [mem 0x0000000000001000-0x000000003ffeffff]
[    0.000000] ACPI: PM-Timer IO Port: 0x4008
[    0.000000] IOAPIC[0]: apic_id 2, version 32, address 0xfec00000, GSI 0-23
[    0.000000] ACPI: INT_SRC_OVR (bus 0 bus_irq 0 global_irq 2 dfl dfl)
[    0.000000] ACPI: INT_SRC_OVR (bus 0 bus_irq 9 global_irq 9 low level)
[    0.000000] Using ACPI (MADT) for SMP configuration information
[    0.000000] smpboot: Allowing 2 CPUs, 0 hotplug CPUs
[    0.000000] PM: Registered nosave memory: [mem 0x00000000-0x00000fff]
[    0.000000] PM: Registered nosave memory: [mem 0x0009f000-0x0009ffff]
[    0.000000] PM: Registered nosave memory: [mem 0x000a0000-0x000effff]
[    0.000000] PM: Registered nosave memory: [mem 0x000f0000-0x000fffff]
[    0.000000] e820: [mem 0x40000000-0xfebfffff] available for PCI devices
[    0.000000] Booting paravirtualized kernel on KVM
[    0.000000] clocksource: refined-jiffies: mask: 0xffffffff max_cycles: 0xffffffff, max_idle_ns: 7645519600211568 ns
[    0.000000] setup_percpu: NR_CPUS:8192 nr_cpumask_bits:2 nr_cpu_ids:2 nr_node_ids:1
[    0.000000] percpu: Embedded 50 pages/cpu s167936 r8192 d28672 u1048576
[    0.000000] PV qspinlock hash table entries: 256 (order: 0, 4096 bytes)
[    0.000000] Built 1 zonelists, mobility grouping on.  Total pages: 257913
[    0.000000] Policy zone: DMA32
[    0.000000] Kernel command line: BOOT_IMAGE=/boot/vmlinuz-4.15.0-212-generic root=LABEL=cloudimg-rootfs ro console=tty1 console=ttyS0
[    0.000000] Memory: 982644K/1048120K available (12300K kernel code, 2477K rwdata, 4324K rodata, 2480K init, 2720K bss, 65476K reserved, 0K cma-reserved)
[    0.000000] SLUB: HWalign=64, Order=0-3, MinObjects=0, CPUs=2, Nodes=1
[    0.000000] ftrace: allocating 39508 entries in 155 pages
[    0.004000] Hierarchical RCU implementation.
[    0.004000] 	RCU restricting CPUs from NR_CPUS=8192 to nr_cpu_ids=2.
[    0.004000] 	Tasks RCU enabled.
[    0.004000] RCU: Adjusting geometry for rcu_fanout_leaf=16, nr_cpu_ids=2
[    0.004000] NR_IRQS: 524544, nr_irqs: 440, preallocated irqs: 16
[    0.004000] random: crng init done
[    0.004000] Console: colour VGA+ 80x25
[    0.004000] console [tty1] enabled
[    0.004000] console [ttyS0] enabled
[    0.004000] ACPI: Core revision 20170831
[    0.004000] ACPI: 2 ACPI AML tables successfully acquired and loaded
[    0.004000] APIC: Switch to symmetric I/O mode setup
[    0.004000] ..TIMER: vector=0x30 apic1=0 pin1=2 apic2=-1 pin2=-1
[    0.004005] tsc: Detected 2304.010 MHz processor
[    0.006983] Calibrating delay loop (skipped) preset value.. 4608.02 BogoMIPS (lpj=9216040)
[    0.008004] pid_max: default: 32768 minimum: 301
[    0.011028] Security Framework initialized
[    0.012002] Yama: becoming mindful.
[    0.016061] AppArmor: AppArmor initialized
[    0.022248] Dentry cache hash table entries: 131072 (order: 8, 1048576 bytes)
[    0.028709] Inode-cache hash table entries: 65536 (order: 7, 524288 bytes)
[    0.032054] Mount-cache hash table entries: 2048 (order: 2, 16384 bytes)
[    0.036047] Mountpoint-cache hash table entries: 2048 (order: 2, 16384 bytes)
[    0.041568] Last level iTLB entries: 4KB 0, 2MB 0, 4MB 0
[    0.044002] Last level dTLB entries: 4KB 0, 2MB 0, 4MB 0, 1GB 0
[    0.048003] Spectre V1 : Mitigation: usercopy/swapgs barriers and __user pointer sanitization
[    0.052003] Spectre V2 : Mitigation: Enhanced IBRS
[    0.055000] Spectre V2 : Spectre v2 / SpectreRSB mitigation: Filling RSB on context switch
[    0.056001] Spectre V2 : Spectre v2 / PBRSB-eIBRS: Retire a single CALL on VMEXIT
[    0.060001] RETBleed: Mitigation: Enhanced IBRS
[    0.062825] Speculative Store Bypass: Vulnerable
[    0.064154] Freeing SMP alternatives memory: 36K
[    0.180940] APIC calibration not consistent with PM-Timer: 101ms instead of 100ms
[    0.184000] APIC delta adjusted to PM-Timer: 6276048 (6363960)
[    0.184240] smpboot: CPU0: 11th Gen Intel(R) Core(TM) i7-11800H @ 2.30GHz (family: 0x6, model: 0x8d, stepping: 0x1)
[    0.188317] Performance Events: unsupported p6 CPU model 141 no PMU driver, software events only.
[    0.192084] Hierarchical SRCU implementation.
[    0.196621] NMI watchdog: Perf event create on CPU 0 failed with -2
[    0.200002] NMI watchdog: Perf NMI watchdog permanently disabled
[    0.204232] smp: Bringing up secondary CPUs ...
[    0.208646] x86: Booting SMP configuration:
[    0.212002] .... node  #0, CPUs:      #1
[    0.004000] kvm-clock: cpu 1, msr 0:3ff44041, secondary cpu clock
[    0.220000] TSC synchronization [CPU#0 -> CPU#1]:
[    0.220000] Measured 58013 cycles TSC warp between CPUs, turning off TSC clock.
[    0.220000] tsc: Marking TSC unstable due to check_tsc_sync_source failed
[    0.224072] smp: Brought up 1 node, 2 CPUs
[    0.228004] smpboot: Max logical packages: 1
[    0.230664] smpboot: Total of 2 processors activated (9216.04 BogoMIPS)
[    0.232410] devtmpfs: initialized
[    0.236076] x86/mm: Memory block size: 128MB
[    0.240324] evm: security.selinux
[    0.242608] evm: security.SMACK64
[    0.244002] evm: security.SMACK64EXEC
[    0.246719] evm: security.SMACK64TRANSMUTE
[    0.248004] evm: security.SMACK64MMAP
[    0.250273] evm: security.apparmor
[    0.252002] evm: security.ima
[    0.253868] evm: security.capability
[    0.256295] clocksource: jiffies: mask: 0xffffffff max_cycles: 0xffffffff, max_idle_ns: 7645041785100000 ns
[    0.260008] futex hash table entries: 512 (order: 3, 32768 bytes)
[    0.264156] pinctrl core: initialized pinctrl subsystem
[    0.268164] RTC time: 23:00:35, date: 08/11/24
[    0.272645] NET: Registered protocol family 16
[    0.275481] audit: initializing netlink subsys (disabled)
[    0.276143] audit: type=2000 audit(1723417239.390:1): state=initialized audit_enabled=0 res=1
[    0.284004] cpuidle: using governor ladder
[    0.288005] cpuidle: using governor menu
[    0.290530] ACPI: bus type PCI registered
[    0.292002] acpiphp: ACPI Hot Plug PCI Controller Driver version: 0.5
[    0.296000] PCI: Using configuration type 1 for base access
[    0.300316] HugeTLB registered 2.00 MiB page size, pre-allocated 0 pages
[    0.308301] ACPI: Added _OSI(Module Device)
[    0.312009] ACPI: Added _OSI(Processor Device)
[    0.314615] ACPI: Added _OSI(3.0 _SCP Extensions)
[    0.316002] ACPI: Added _OSI(Processor Aggregator Device)
[    0.319215] ACPI: Added _OSI(Linux-Dell-Video)
[    0.320003] ACPI: Added _OSI(Linux-Lenovo-NV-HDMI-Audio)
[    0.324005] ACPI: Added _OSI(Linux-HPI-Hybrid-Graphics)
[    0.328638] ACPI: Executed 1 blocks of module-level executable AML code
[    0.335048] ACPI: Interpreter enabled
[    0.336012] ACPI: (supports S0 S5)
[    0.338163] ACPI: Using IOAPIC for interrupt routing
[    0.340286] PCI: Using host bridge windows from ACPI; if necessary, use "pci=nocrs" and report a bug
[    0.344191] ACPI: Enabled 2 GPEs in block 00 to 07
[    0.354226] ACPI: PCI Root Bridge [PCI0] (domain 0000 [bus 00-ff])
[    0.356006] acpi PNP0A03:00: _OSC: OS supports [ASPM ClockPM Segments MSI]
[    0.360186] acpi PNP0A03:00: _OSC: not requesting OS control; OS requires [ExtendedConfig ASPM ClockPM MSI]
[    0.364008] acpi PNP0A03:00: fail to add MMCONFIG information, can't access extended PCI configuration space under this bridge.
[    0.368553] PCI host bridge to bus 0000:00
[    0.372003] pci_bus 0000:00: root bus resource [io  0x0000-0x0cf7 window]
[    0.376002] pci_bus 0000:00: root bus resource [io  0x0d00-0xffff window]
[    0.380002] pci_bus 0000:00: root bus resource [mem 0x000a0000-0x000bffff window]
[    0.384002] pci_bus 0000:00: root bus resource [mem 0x40000000-0xfdffffff window]
[    0.388002] pci_bus 0000:00: root bus resource [bus 00-ff]
[    0.397360] pci 0000:00:01.1: legacy IDE quirk: reg 0x10: [io  0x01f0-0x01f7]
[    0.400002] pci 0000:00:01.1: legacy IDE quirk: reg 0x14: [io  0x03f6]
[    0.404002] pci 0000:00:01.1: legacy IDE quirk: reg 0x18: [io  0x0170-0x0177]
[    0.408002] pci 0000:00:01.1: legacy IDE quirk: reg 0x1c: [io  0x0376]
[    0.429765] pci 0000:00:07.0: quirk: [io  0x4000-0x403f] claimed by PIIX4 ACPI
[    0.432027] pci 0000:00:07.0: quirk: [io  0x4100-0x410f] claimed by PIIX4 SMB
[    0.447040] ACPI: PCI Interrupt Link [LNKA] (IRQs 5 9 10 *11)
[    0.448382] ACPI: PCI Interrupt Link [LNKB] (IRQs 5 9 *10 11)
[    0.452144] ACPI: PCI Interrupt Link [LNKC] (IRQs 5 *9 10 11)
[    0.456142] ACPI: PCI Interrupt Link [LNKD] (IRQs 5 9 10 *11)
[    0.460560] SCSI subsystem initialized
[    0.464143] pci 0000:00:02.0: vgaarb: setting as boot VGA device
[    0.468000] pci 0000:00:02.0: vgaarb: VGA device added: decodes=io+mem,owns=io+mem,locks=none
[    0.468004] pci 0000:00:02.0: vgaarb: bridge control possible
[    0.471406] vgaarb: loaded
[    0.472054] ACPI: bus type USB registered
[    0.476015] usbcore: registered new interface driver usbfs
[    0.479344] usbcore: registered new interface driver hub
[    0.480007] usbcore: registered new device driver usb
[    0.484172] EDAC MC: Ver: 3.0.0
[    0.488695] PCI: Using ACPI for IRQ routing
[    0.492597] NetLabel: Initializing
[    0.494708] NetLabel:  domain hash size = 128
[    0.496001] NetLabel:  protocols = UNLABELED CIPSOv4 CALIPSO
[    0.500014] NetLabel:  unlabeled traffic allowed by default
[    0.504193] clocksource: Switched to clocksource kvm-clock
[    0.512444] VFS: Disk quotas dquot_6.6.0
[    0.512444] VFS: Dquot-cache hash table entries: 512 (order 0, 4096 bytes)
[    0.512444] AppArmor: AppArmor Filesystem Enabled
[    0.512444] pnp: PnP ACPI init
[    0.512444] pnp: PnP ACPI: found 3 devices
[    0.579499] clocksource: acpi_pm: mask: 0xffffff max_cycles: 0xffffff, max_idle_ns: 2085701024 ns
[    0.580398] NET: Registered protocol family 2
[    0.580398] IP idents hash table entries: 16384 (order: 5, 131072 bytes)
[    0.592089] TCP established hash table entries: 8192 (order: 4, 65536 bytes)
[    0.596692] TCP bind hash table entries: 8192 (order: 5, 131072 bytes)
[    0.600849] TCP: Hash tables configured (established 8192 bind 8192)
[    0.604511] UDP hash table entries: 512 (order: 2, 16384 bytes)
[    0.604511] UDP-Lite hash table entries: 512 (order: 2, 16384 bytes)
[    0.604511] NET: Registered protocol family 1
[    0.604511] pci 0000:00:00.0: Limiting direct PCI/PCI transfers
[    0.604511] pci 0000:00:01.0: Activating ISA DMA hang workarounds
[    0.604511] pci 0000:00:02.0: Video device with shadowed ROM at [mem 0x000c0000-0x000dffff]
[    0.604511] Unpacking initramfs...
[    0.604511] Freeing initrd memory: 19528K
[    0.604511] clocksource: tsc: mask: 0xffffffffffffffff max_cycles: 0x2136013637b, max_idle_ns: 440795209479 ns
[    0.604511] platform rtc_cmos: registered platform RTC device (no PNP device found)
[    0.604511] Scanning for low memory corruption every 60 seconds
[    0.964620] Initialise system trusted keyrings
[    0.967916] Key type blacklist registered
[    0.971056] workingset: timestamp_bits=36 max_order=18 bucket_order=0
[    0.976246] zbud: loaded
[    0.978514] squashfs: version 4.0 (2009/01/31) Phillip Lougher
[    0.983065] fuse init (API version 7.26)
[    1.007856] Key type asymmetric registered
[    1.010592] Asymmetric key parser 'x509' registered
[    1.013721] Block layer SCSI generic (bsg) driver version 0.4 loaded (major 246)
[    1.018790] io scheduler noop registered
[    1.021320] io scheduler deadline registered
[    1.024362] io scheduler cfq registered (default)
[    1.028038] ACPI: AC Adapter [AC] (on-line)
[    1.031179] input: Power Button as /devices/LNXSYSTM:00/LNXPWRBN:00/input/input0
[    1.036080] ACPI: Power Button [PWRF]
[    1.038465] input: Sleep Button as /devices/LNXSYSTM:00/LNXSLPBN:00/input/input1
[    1.043025] ACPI: Sleep Button [SLPF]
[    1.047499] ACPI: Battery Slot [BAT0] (battery present)
[    1.051389] Serial: 8250/16550 driver, 32 ports, IRQ sharing enabled
[    1.079578] 00:02: ttyS0 at I/O 0x3f8 (irq = 4, base_baud = 115200) is a 16550A
[    1.095706] Linux agpgart interface v0.103
[    1.104597] loop: module loaded
[    1.108212] scsi host0: ata_piix
[    1.111180] scsi host1: ata_piix
[    1.113297] ata1: PATA max UDMA/33 cmd 0x1f0 ctl 0x3f6 bmdma 0xd000 irq 14
[    1.117234] ata2: PATA max UDMA/33 cmd 0x170 ctl 0x376 bmdma 0xd008 irq 15
[    1.121413] tun: Universal TUN/TAP device driver, 1.6
[    1.125461] PPP generic driver version 2.4.2
[    1.128463] ehci_hcd: USB 2.0 'Enhanced' Host Controller (EHCI) Driver
[    1.132311] ehci-pci: EHCI PCI platform driver
[    1.135027] ehci-platform: EHCI generic platform driver
[    1.138345] ohci_hcd: USB 1.1 'Open' Host Controller (OHCI) Driver
[    1.142384] ohci-pci: OHCI PCI platform driver
[    1.145190] ohci-platform: OHCI generic platform driver
[    1.148522] uhci_hcd: USB Universal Host Controller Interface driver
[    1.152402] i8042: PNP: PS/2 Controller [PNP0303:PS2K,PNP0f03:PS2M] at 0x60,0x64 irq 1,12
[    1.159484] serio: i8042 KBD port at 0x60,0x64 irq 1
[    1.162526] serio: i8042 AUX port at 0x60,0x64 irq 12
[    1.166150] mousedev: PS/2 mouse device common for all mice
[    1.172348] rtc_cmos rtc_cmos: rtc core: registered rtc_cmos as rtc0
[    1.176341] input: AT Translated Set 2 keyboard as /devices/platform/i8042/serio0/input/input2
[    1.180438] rtc_cmos rtc_cmos: alarms up to one day, 114 bytes nvram
[    1.185779] i2c /dev entries driver
[    1.189278] device-mapper: uevent: version 1.0.3
[    1.192557] device-mapper: ioctl: 4.37.0-ioctl (2017-09-20) initialised: dm-devel@redhat.com
[    1.198357] ledtrig-cpu: registered to indicate activity on CPUs
[    1.204534] NET: Registered protocol family 10
[    1.214926] Segment Routing with IPv6
[    1.217641] NET: Registered protocol family 17
[    1.221740] Key type dns_resolver registered
[    1.225189] mce: Using 0 MCE banks
[    1.227587] RAS: Correctable Errors collector initialized.
[    1.231325] sched_clock: Marking stable (1231282084, 0)->(1712769157, -481487073)
[    1.238526] registered taskstats version 1
[    1.241515] Loading compiled-in X.509 certificates
[    1.248201] Loaded X.509 cert 'Build time autogenerated kernel key: b5b26778eaa3ab3a4a6cee031137706e947d12ad'
[    1.254824] Loaded X.509 cert 'Canonical Ltd. Live Patch Signing: 14df34d1a87cf37625abec039ef2bf521249b969'
[    1.261106] Loaded X.509 cert 'Canonical Ltd. Kernel Module Signing: 88f752e560a1e0737e31163a466ad7b70a850c19'
[    1.267034] blacklist: Loading compiled-in revocation X.509 certificates
[    1.271280] Loaded X.509 cert 'Canonical Ltd. Secure Boot Signing: 61482aa2830d0ab2ad5af10b7250da9033ddcef0'
[    1.277174] Loaded X.509 cert 'Canonical Ltd. Secure Boot Signing (2017): 242ade75ac4a15e50d50c84b0d45ff3eae707a03'
[    1.284198] Loaded X.509 cert 'Canonical Ltd. Secure Boot Signing (ESM 2018): 365188c1d374d6b07c3c8f240f8ef722433d6a8b'
[    1.290462] Loaded X.509 cert 'Canonical Ltd. Secure Boot Signing (2019): c0746fd6c5da3ae827864651ad66ae47fe24b3e8'
[    1.296550] Loaded X.509 cert 'Canonical Ltd. Secure Boot Signing (2021 v1): a8d54bbb3825cfb94fa13c9f8a594a195c107b8d'
[    1.303320] Loaded X.509 cert 'Canonical Ltd. Secure Boot Signing (2021 v2): 4cf046892d6fd3c9a5b03f98d845f90851dc6a8c'
[    1.327188] Loaded X.509 cert 'Canonical Ltd. Secure Boot Signing (2021 v3): 100437bb6de6e469b581e61cd66bce3ef4ed53af'
[    1.333221] Loaded X.509 cert 'Canonical Ltd. Secure Boot Signing (Ubuntu Core 2019): c1d57b8f6b743f23ee41f4f7ee292f06eecadfb9'
[    1.339513] zswap: loaded using pool lzo/zbud
[    1.349350] Key type big_key registered
[    1.352194] Key type trusted registered
[    1.357162] Key type encrypted registered
[    1.359581] AppArmor: AppArmor sha1 policy hashing enabled
[    1.362916] ima: No TPM chip found, activating TPM-bypass! (rc=-19)
[    1.366675] ima: Allocated hash algorithm: sha1
[    1.369486] evm: HMAC attrs: 0x1
[    1.372143]   Magic number: 4:242:49
[    1.375617] rtc_cmos rtc_cmos: setting system clock to 2024-08-11 23:00:36 UTC (1723417236)
[    1.380894] BIOS EDD facility v0.16 2004-Jun-25, 0 devices found
[    1.384536] EDD information not available.
[    1.389716] Freeing unused kernel image memory: 2480K
[    1.422759] Write protecting the kernel read-only data: 20480k
[    1.428196] Freeing unused kernel image memory: 2008K
[    1.431417] Freeing unused kernel image memory: 1820K
[    1.438043] x86/mm: Checked W+X mappings: passed, no W+X pages found.
Loading, please wait...
starting version 237
[    1.493065] e1000: Intel(R) PRO/1000 Network Driver - version 7.3.21-k8-NAPI
[    1.498044] e1000: Copyright (c) 1999-2006 Intel Corporation.
[    1.509160] Fusion MPT base driver 3.04.20
[    1.513129] Copyright (c) 1999-2008 LSI Corporation
[    1.523324] Fusion MPT SPI Host driver 3.04.20
[    1.551081] SSE version of gcm_enc/dec engaged.
[    1.750963] input: ImExPS/2 Generic Explorer Mouse as /devices/platform/i8042/serio1/input/input4
[    2.046508] e1000 0000:00:03.0 eth0: (PCI:33MHz:32-bit) 02:3b:7b:b7:3b:2d
[    2.051175] e1000 0000:00:03.0 eth0: Intel(R) PRO/1000 Network Connection
[    2.056889] mptbase: ioc0: Initiating bringup
[    2.165358] ioc0: LSI53C1030 A0: Capabilities={Initiator}
[    2.417928] scsi host2: ioc0: LSI53C1030 A0, FwRev=00000000h, Ports=1, MaxQ=256, IRQ=20
[    2.589330] scsi 2:0:0:0: Direct-Access     VBOX     HARDDISK         1.0  PQ: 0 ANSI: 5
[    2.638483] scsi target2:0:0: Beginning Domain Validation
[    2.645663] scsi target2:0:0: Domain Validation skipping write tests
[    2.649495] scsi target2:0:0: Ending Domain Validation
[    2.652916] scsi target2:0:0: asynchronous
[    2.656786] scsi 2:0:1:0: Direct-Access     VBOX     HARDDISK         1.0  PQ: 0 ANSI: 5
[    2.940202] scsi target2:0:1: Beginning Domain Validation
[    2.948942] scsi target2:0:1: Domain Validation skipping write tests
[    2.952582] scsi target2:0:1: Ending Domain Validation
[    2.956142] scsi target2:0:1: asynchronous
[    2.966134] sd 2:0:0:0: Attached scsi generic sg0 type 0
[    2.970002] sd 2:0:1:0: Attached scsi generic sg1 type 0
[    2.973954] sd 2:0:1:0: [sdb] 20480 512-byte logical blocks: (10.5 MB/10.0 MiB)
[    2.978578] sd 2:0:1:0: [sdb] Write Protect is off
[    2.981826] sd 2:0:1:0: [sdb] Incomplete mode parameter data
[    2.985397] sd 2:0:1:0: [sdb] Assuming drive cache: write through
[    2.992417] sd 2:0:0:0: [sda] 83886080 512-byte logical blocks: (42.9 GB/40.0 GiB)
[    2.997312] sd 2:0:0:0: [sda] Write Protect is off
[    3.000994] sd 2:0:0:0: [sda] Incomplete mode parameter data
[    3.004507] sd 2:0:0:0: [sda] Assuming drive cache: write through
[    3.009506] sd 2:0:1:0: [sdb] Attached SCSI disk
[    3.013995]  sda: sda1
[    3.016941] sd 2:0:0:0: [sda] Attached SCSI disk
[    3.175994] e1000 0000:00:08.0 eth1: (PCI:33MHz:32-bit) 08:00:27:70:3d:77
[    3.181208] e1000 0000:00:08.0 eth1: Intel(R) PRO/1000 Network Connection
[    3.187345] e1000 0000:00:03.0 enp0s3: renamed from eth0
[    3.204485] e1000 0000:00:08.0 enp0s8: renamed from eth1
Begin: Loading essential drivers ... [    5.024633] raid6: sse2x1   gen() 18418 MB/s
[    5.072667] raid6: sse2x1   xor() 11113 MB/s
[    5.121812] raid6: sse2x2   gen() 24853 MB/s
[    5.172147] raid6: sse2x2   xor() 15549 MB/s
[    5.221053] raid6: sse2x4   gen() 26185 MB/s
[    5.268194] raid6: sse2x4   xor() 14381 MB/s
[    5.271135] raid6: using algorithm sse2x4 gen() 26185 MB/s
[    5.274272] raid6: .... xor() 14381 MB/s, rmw enabled
[    5.277314] raid6: using ssse3x2 recovery algorithm
[    5.282106] xor: measuring software checksum speed
[    5.324099]    prefetch64-sse: 29358.000 MB/sec
[    5.364117]    generic_sse: 22528.000 MB/sec
[    5.366598] xor: using function: prefetch64-sse (29358.000 MB/sec)
[    5.371394] async_tx: api initialized (async)
done.
Begin: Running /scripts/init-premount ... done.
Begin: Mounting root file system ... Begin: Running /scripts/local-top ... done.
Begin: Running /scripts/local-premount ... [    5.412530] Btrfs loaded, crc32c=crc32c-intel
Scanning for Btrfs filesystems
done.
Warning: fsck not present, so skipping root file system
[    5.448927] EXT4-fs (sda1): mounted filesystem with ordered data mode. Opts: (null)
done.
Begin: Running /scripts/local-bottom ... done.
Begin: Running /scripts/init-bottom ... done.
[    5.620157] ip_tables: (C) 2000-2006 Netfilter Core Team
[    5.632344] systemd[1]: systemd 237 running in system mode. (+PAM +AUDIT +SELINUX +IMA +APPARMOR +SMACK +SYSVINIT +UTMP +LIBCRYPTSETUP +GCRYPT +GNUTLS +ACL +XZ +LZ4 +SECCOMP +BLKID +ELFUTILS +KMOD -IDN2 +IDN -PCRE2 default-hierarchy=hybrid)
[    5.644837] systemd[1]: Detected virtualization oracle.
[    5.648273] systemd[1]: Detected architecture x86-64.

Welcome to [1mUbuntu 18.04.6 LTS[0m!

[    5.670718] systemd[1]: Set hostname to <ubuntu>.
[    5.677159] systemd[1]: Initializing machine ID from random generator.
[    5.681345] systemd[1]: Installed transient /etc/machine-id file.
[    5.923474] systemd[1]: Reached target System Time Synchronized.
[[0;32m  OK  [0m] Reached target System Time Synchronized.
[    5.937907] systemd[1]: Created slice System Slice.
[[0;32m  OK  [0m] Created slice System Slice.
[    5.944063] systemd[1]: Listening on Network Service Netlink Socket.
[[0;32m  OK  [0m] Listening on Network Service Netlink Socket.
[    5.950011] systemd[1]: Listening on /dev/initctl Compatibility Named Pipe.
[[0;32m  OK  [0m] Listening on /dev/initctl Compatibility Named Pipe.
[[0;32m  OK  [0m] Created slice system-serial\x2dgetty.slice.
[[0;32m  OK  [0m] Listening on udev Control Socket.
[[0;32m  OK  [0m] Listening on LVM2 poll daemon socket.
[[0;32m  OK  [0m] Listening on fsck to fsckd communication Socket.
[[0;32m  OK  [0m] Set up automount Arbitrary Executab…rmats File System Automount Point.
[[0;32m  OK  [0m] Reached target Mounting snaps.
[[0;32m  OK  [0m] Listening on Journal Socket (/dev/log).
[[0;32m  OK  [0m] Listening on LVM2 metadata daemon socket.
[[0;32m  OK  [0m] Reached target Mounted snaps.
[[0;32m  OK  [0m] Started Forward Password Requests to Wall Directory Watch.
[[0;32m  OK  [0m] Created slice User and Session Slice.
[[0;32m  OK  [0m] Reached target Slices.
[[0;32m  OK  [0m] Listening on Journal Socket.
         Mounting POSIX Message Queue File System...
         Starting Uncomplicated firewall...
         Starting Load Kernel Modules...
[    6.017994] Loading iSCSI transport class v2.0-870.
         Starting File System Check on Root Device...
         Starting Create list of required st…ce nodes for the current kernel...
[[0;32m  OK  [0m] Reached target User and Group Name Lookups.
[[0;32m  OK  [0m] Listening on Journal Audit Socket.
[[0;32m  OK  [0m] [    6.044496] iscsi: registered transport (tcp)
Listening on Syslog Socket.
         Starting Journal Service...
[[0;32m  OK  [0m] Listening on udev Kernel Socket.
         Starting udev Coldplug all Devices...
[[0;32m  OK  [0m] Reached target Swap.
[[0;32m  OK  [0m] Listening on Device-mapper event daemon FIFOs.
         Starting Monitoring of LVM2 mirrors…ng dmeventd or progress polling...
         Mounting Huge Pages File System...
         Starting Set the console keyboard layout...
         Mounting Kernel Debug File System...
[[0;32m  OK  [0m] Mounted POSIX Message Queue File System.
[[0;32m  OK  [0m] Started Uncomplicated firewall.
[[0;32m  OK  [0m] Started Create list of required sta…vice nodes for the current kernel.
[[0;32m  OK  [0m] Mounted Huge Pages File System.
[[0;32m  OK  [0m] Mounted Kernel Debug File System.
[[0;32m  OK  [0m] Started File System Check Daemon to report status.
         Starting Create Static Device Nodes in /dev...
[[0;32m  OK  [0m] Started File System Check on Root Device.
         Starting Remount Root and Kernel File Systems...
[[0;32m  OK  [0m] Started LVM2 metadata daemon.
[[0;32m  OK  [0m] Started udev Coldplug all Devices.
[[0;32m  OK  [0m] Started Journal Service.
[    6.143250] iscsi: registered transport (iser)
[[0;32m  OK  [0m] Started Load Kernel Modules.
         Mounting FUSE Control File System...
         Starting Apply Kernel Variables...
         Mounting Kernel Configuration File System...
[[0;32m  OK  [0m] Mounted FUSE Control File System.
[[0;32m  OK  [0m] Mounted Kernel Configuration File System.
[[0;32m  OK  [0m] Started Create Static Device Nodes in /dev.
[[0;32m  OK  [0m] Started Remount Root and Kernel File Systems.
         Starting udev Kernel Device Manager...
         Starting Flush Journal to Persistent Storage...
         Starting Load/Save Random Seed...
[[0;32m  OK  [0m] Started Monitoring of LVM2 mirrors,…sing dmeventd or progress polling.
[[0;32m  OK  [0m] Started Apply Kernel Variables.
[[0;32m  OK  [0m] Started udev Kernel Device Manager.
[[0;32m  OK  [0m] Started Load/Save Random Seed.
[[0;32m  OK  [0m] Started Flush Journal to Persistent Storage.
[[0;32m  OK  [0m] Found device /dev/ttyS0.
[[0;32m  OK  [0m] Listening on Load/Save RF Kill Switch Status /dev/rfkill Watch.
         Mounting Arbitrary Executable File Formats File System...
[[0;32m  OK  [0m] Mounted Arbitrary Executable File Formats File System.
[[0;32m  OK  [0m] Started Set the console keyboard layout.
[[0;32m  OK  [0m] Reached target Local File Systems (Pre).
[[0;32m  OK  [0m] Reached target Local File Systems.
         Starting Set console font and keymap...
         Starting Create Volatile Files and Directories...
         Starting AppArmor initialization...
         Starting ebtables ruleset management...
         Starting Commit a transient machine-id on disk...
         Starting Tell Plymouth To Write Out Runtime Data...
[[0;32m  OK  [0m] Started Dispatch Password Requests to Console Directory Watch.
[[0;32m  OK  [0m] Reached target Local Encrypted Volumes.
[[0;32m  OK  [0m] Started Create Volatile Files and Directories.
         Starting Update UTMP about System Boot/Shutdown...
[[0;32m  OK  [0m] Started Tell Plymouth To Write Out Runtime Data.
[[0;32m  OK  [0m] Started Update UTMP about System Boot/Shutdown.
[[0;32m  OK  [0m] Started Commit a transient machine-id on disk.
[[0;32m  OK  [0m] Started ebtables ruleset management.
[[0;32m  OK  [0m] Started AppArmor initialization.
         Starting Load AppArmor profiles managed internally by snapd...
         Starting Initial cloud-init job (pre-networking)...
[[0;32m  OK  [0m] Started Load AppArmor profiles managed internally by snapd.
[[0;32m  OK  [0m] Started Set console font and keymap.
[    8.518825] cloud-init[769]: Cloud-init v. 23.1.2-0ubuntu0~18.04.1 running 'init-local' at Sun, 11 Aug 2024 23:00:43 +0000. Up 8.26 seconds.
[[0;32m  OK  [0m] Started Initial cloud-init job (pre-networking).
[[0;32m  OK  [0m] Reached target Network (Pre).
         Starting Network Service...
[[0;32m  OK  [0m] Started Network Service.
         Starting Network Name Resolution...
         Starting Wait for Network to be Configured...
[[0;32m  OK  [0m] Started Network Name Resolution.
[[0;32m  OK  [0m] Reached target Host and Network Name Lookups.
[[0;32m  OK  [0m] Reached target Network.
[[0;32m  OK  [0m] Started Wait for Network to be Configured.
         Starting Initial cloud-init job (metadata service crawler)...
[   10.539307] cloud-init[923]: Cloud-init v. 23.1.2-0ubuntu0~18.04.1 running 'init' at Sun, 11 Aug 2024 23:00:45 +0000. Up 10.45 seconds.
[   10.542198] cloud-init[923]: ci-info: ++++++++++++++++++++++++++++++++++++++Net device info+++++++++++++++++++++++++++++++++++++++
[   10.544903] cloud-init[923]: ci-info: +--------+-------+----------------------------+---------------+--------+-------------------+
[   10.547604] cloud-init[923]: ci-info: | Device |   Up  |          Address           |      Mask     | Scope  |     Hw-Address    |
[   10.550283] cloud-init[923]: ci-info: +--------+-------+----------------------------+---------------+--------+-------------------+
[   10.552788] cloud-init[923]: ci-info: | enp0s3 |  True |         10.0.2.15          | 255.255.255.0 | global | 02:3b:7b:b7:3b:2d |
[   10.555417] cloud-init[923]: ci-info: | enp0s3 |  True | fe80::3b:7bff:feb7:3b2d/64 |       .       |  link  | 02:3b:7b:b7:3b:2d |
[   10.558332] cloud-init[923]: ci-info: | enp0s8 | False |             .              |       .       |   .    | 08:00:27:70:3d:77 |
[   10.561117] cloud-init[923]: ci-info: |   lo   |  True |         127.0.0.1          |   255.0.0.0   |  host  |         .         |
[   10.563785] cloud-init[923]: ci-info: |   lo   |  True |          ::1/128           |       .       |  host  |         .         |
[   10.566452] cloud-init[923]: ci-info: +--------+-------+----------------------------+---------------+--------+-------------------+
[   10.569405] cloud-init[923]: ci-info: ++++++++++++++++++++++++++++Route IPv4 info+++++++++++++++++++++++++++++
[   10.571712] cloud-init[923]: ci-info: +-------+-------------+----------+-----------------+-----------+-------+
[   10.573961] cloud-init[923]: ci-info: | Route | Destination | Gateway  |     Genmask     | Interface | Flags |
[   10.576386] cloud-init[923]: ci-info: +-------+-------------+----------+-----------------+-----------+-------+
[   10.578642] cloud-init[923]: ci-info: |   0   |   0.0.0.0   | 10.0.2.2 |     0.0.0.0     |   enp0s3  |   UG  |
[   10.580890] cloud-init[923]: ci-info: |   1   |   10.0.2.0  | 0.0.0.0  |  255.255.255.0  |   enp0s3  |   U   |
[   10.583158] cloud-init[923]: ci-info: |   2   |   10.0.2.2  | 0.0.0.0  | 255.255.255.255 |   enp0s3  |   UH  |
[   10.585387] cloud-init[923]: ci-info: +-------+-------------+----------+-----------------+-----------+-------+
[   10.587645] cloud-init[923]: ci-info: +++++++++++++++++++Route IPv6 info+++++++++++++++++++
[   10.589568] cloud-init[923]: ci-info: +-------+-------------+---------+-----------+-------+
[   10.591438] cloud-init[923]: ci-info: | Route | Destination | Gateway | Interface | Flags |
[   10.593360] cloud-init[923]: ci-info: +-------+-------------+---------+-----------+-------+
[   10.595181] cloud-init[923]: ci-info: |   1   |  fe80::/64  |    ::   |   enp0s3  |   U   |
[   10.597245] cloud-init[923]: ci-info: |   3   |    local    |    ::   |   enp0s3  |   U   |
[   10.599116] cloud-init[923]: ci-info: |   4   |   ff00::/8  |    ::   |   enp0s3  |   U   |
[   10.602747] cloud-init[923]: ci-info: +-------+-------------+---------+-----------+-------+
[   11.300420] cloud-init[923]: Generating public/private rsa key pair.
[   11.303533] cloud-init[923]: Your identification has been saved in /etc/ssh/ssh_host_rsa_key.
[   11.307224] cloud-init[923]: Your public key has been saved in /etc/ssh/ssh_host_rsa_key.pub.
[   11.310972] cloud-init[923]: The key fingerprint is:
[   11.314090] cloud-init[923]: SHA256:7HxFOxpO23ZB59Ar2YZnCj7IWFgju2hhrJtsRMc6b1g root@ubuntu-bionic
[   11.318202] cloud-init[923]: The key's randomart image is:
[   11.321253] cloud-init[923]: +---[RSA 2048]----+
[   11.323884] cloud-init[923]: |                 |
[   11.326773] cloud-init[923]: |               . |
[   11.329795] cloud-init[923]: |    .  . o  . o o|
[   11.332877] cloud-init[923]: |   ..o .= .. o++.|
[   11.335529] [[0;32m  OK  [0m] Started Initial cloud-init job (metadata service crawler).
[[0;32m  OK  [0m] Reached target Cloud-config availability.
[[0;32m  OK  [0m] Reached target Network is Online.
[[0;32m  OK  [0m] Reached target Remote File Systems (Pre).
[[0;32m  OK  [0m] Reached target Remote File Systems.
         Starting Availability of block devices...
[[0;32m  OK  [0m] Reached target System Initialization.
[[0;32m  OK  [0m] Started Discard unused blocks once a week.
         Starting Socket activation for snappy daemon.
[[0;32m  OK  [0m] Started Daily Cleanup of Temporary Directories.
[[0;32m  OK  [0m] Started Ubuntu Advantage Timer for running repeated jobs.
[[0;32m  OK  [0m] Started Daily apt download activities.
[[0;32m  OK  [0m] Started Daily apt upgrade and clean activities.
[[0;32m  OK  [0m] Listening on UUID daemon activation socket.
[[0;32m  OK  [0m] Listening on D-Bus System Message Bus Socket.
[[0;32m  OK  [0m] Listening on ACPID Listen Socket.
         Starting LXD - unix socket.
[[0;32m  OK  [0m] Listening on cloud-init hotplug hook socket.
[[0;32m  OK  [0m] Started Message of the Day.
[[0;32m  OK  [0m] Reached target Timers.
[[0;32m  OK  [0m] Listening on Open-iSCSI iscsid Socket.
[[0;32m  OK  [0m] Started ACPI Events Check.
[[0;32m  OK  [0m] Reached target Paths.
[[0;32m  OK  [0m] Listening on LXD - unix socket.
[[0;32m  OK  [0m] Listening on Socket activation for snappy daemon.
[[0;32m  OK  [0m] Reached target Sockets.
[[0;32m  OK  [0m] Reached target Basic System.
[[0;32m  OK  [0m] Reached target Login Prompts (Pre).
[[0;32m  OK  [0m] Started D-Bus System Message Bus.
cloud-init[923]: |  . o+ oS.o.++.*.|
[   11.370285] cloud-init         Starting LXD - container startup/shutdown...
         Starting Login Service...
[[0;32m  OK  [0m] Started Deferred execution scheduler.
         Starting Permit User Sessions...
[[0;32m  OK  [0m] Started FUSE filesystem for LXC.
         Starting LSB: automatic crash report generation...
[[0;32m  OK  [0m] Started irqbalance daemon.
         Starting LSB: Record successful boot for GRUB...
[[0;32m  OK  [0m] Started Regular background program processing daemon.
[923]: |   +oEoo=oo*..*. |         Starting Dispatcher daemon for systemd-networkd...

[   11.394879]          Starting Pollinate to seed the pseudo random number generator...
         Starting System Logging Service...
cloud-init[923]:          Starting Accounts Service...
         Starting Virtualbox guest utils...
|  ..=o ooo=oo..  |
[   11.411801] cloud-init[923]: |  .o+o   . ...   |
[   11.416258] cloud-init[923]: |  .+.            |
[   11.421687] cloud-init[923]: +----[SHA256]-----+
[   11.425018] cloud-init[923]: Generating public/private dsa key pair.
[   11.428718] cloud-init[923]: Your identification has been saved in /etc/ssh/ssh_host_dsa_key.
[   11.435806] cloud-init[923]: Your public key has been saved in /etc/ssh/ssh_host_dsa_key.pub.
[   11.440617] cloud-init[923]: The key fingerprint is:
[   11.443884] cloud-init[923]: SHA256:2Cyzfw400tLlZLGB089zZrVrdU5a7Ua/VLnGiIgW4Og root@ubuntu-bionic
[   11.448241] cloud-init[923]: The key's randomart image is:
[   11.451545] cloud-init[923]: +---[DSA 1024]----+
[   11.454811] cloud-init[923]: |         oo      |
[   11.459479] cloud-init[923]: |     .  o .+    .|
[   11.462218] cloud-init[923]: |    o .  .=o   .+|
[   11.465027] cloud-init[923]: |   . . B =  + +oO|
[   11.467733] cloud-init[923]: |  .   * S o .=oBB|
[   11.471783] cloud-init[923]: |   E   X o . ..B=|
[   11.473386] cloud-init[923]: |      o .     +..|
[   11.474655] cloud-init[923]: |       . ..    . |
[   11.484834] cloud-init[923]: |        .o.      |
[   11.486249] cloud-init[923]: +----[SHA256]-----+
[   11.487462] cloud-init[923]: Generating public/private ecdsa key pair.
[   11.489691] cloud-init[923]: Your identification has been saved in /etc/ssh/ssh_host_ecdsa_key.
[   11.491931] cloud-init[923]: Your public key has been saved in /etc/ssh/ssh_host_ecdsa_key.pub.
[   11.494239] cloud-init[923]: The key fingerprint is:
[   11.495601] cloud-init[923]: SHA256:KsOXxOjvbnlEVsGvOxnQyCMgWoM437MYxRushNK12yc root@ubuntu-bionic
[   11.497774] cloud-init[923]: The key's randomart image is:
[   11.499023] cloud-init[923]: +---[ECDSA 256]---+
[   11.500238] cloud-init[923]: |.+ +.    ...     |
[   11.501438] cloud-init[923]: |* * *.    o      |
[   11.502642] cloud-init[923]: |.* *.+ . + .     |
[   11.503820] cloud-init[923]: |. + +=. B . .    |
[   11.504964] cloud-init[923]: |   oooE+So .     |
[   11.506232] cloud-init[923]: |  .o.. =. o      |
[   11.509526] cloud-init[923]: |    = +o   +     |
[   11.511888] cloud-init[923]: |     =o . +      |
[   11.513442] cloud-init[923]: |     ++.   .     |
[   11.514935] cloud-init[923]: +----[SHA256]-----+
[   11.521023] cloud-init[923]: Generating public/private ed25519 key pair.
[   11.526689] cloud-init[923]: Your identification has been saved in /etc/ssh/ssh_host_ed25519_key.
[   11.532441] cloud-init[923]: Your public key has been saved in /etc/ssh/ssh_host_ed25519_key.pub.
[   11.536682] cloud-init[923]: The key fingerprint is:
[   11.537980] cloud-init[923]: SHA256:NP5L+WEWuw+I2ACUUmNvMbQzcr77dPuvLP8cL9h2AlU root@ubuntu-bionic
[   11.540274] cloud-init[923]: The key's randomart image is:
[   11.541582] cloud-init[923]: +--[ED25519 256]--+
[   11.542805] cloud-init[923]: |   .=o+          |
[   11.543992] cloud-init[923]: |  .o.o +        E|
[   11.545242] cloud-init[923]: |   .o B o      . |
[   11.546414] cloud-init[923]: |     * = .    .  |
[   11.547671] cloud-init[923]: |      o S   ..   |
[   11.548905] cloud-init[923]: |       = o o.o   |
[   11.550044] cloud-init[923]: |      o + * *+.  |
[   11.551214] cloud-init[923]: |       o o.B.==o.|
[   11.552822] cloud-init[923]: |      ... o+B*=+.|
[   11.554062] cloud-init[923]: +----[SHA256]-----+
         Starting Snap Daemon...
[[0;32m  OK  [0m] Started System Logging Service.
[[0;32m  OK  [0m] Started Availability of block devices.
[[0;32m  OK  [0m] Started Permit User Sessions.
         Starting Terminate Plymouth Boot Screen...
         Starting Hold until boot process finishes up...
[[0;32m  OK  [0m] Started Hold until boot process finishes up.
[[0;32m  OK  [0m] Started Serial Getty on ttyS0.
         Starting Set console scheme...
[[0;32m  OK  [0m] Started Terminate Plymouth Boot Screen.
[[0;32m  OK  [0m] Started LSB: automatic crash report generation.
[[0;32m  OK  [0m] Started Set console scheme.
[[0;32m  OK  [0m] Created slice system-getty.slice.
[[0;32m  OK  [0m] Started Getty on tty1.
[[0;32m  OK  [0m] Reached target Login Prompts.
         Starting Authorization Manager...
[[0;32m  OK  [0m] Started Login Service.
[[0;32m  OK  [0m] Started Unattended Upgrades Shutdown.
[[0;32m  OK  [0m] Started Authorization Manager.
[[0;32m  OK  [0m] Started Accounts Service.
[[0;32m  OK  [0m] Started LSB: Record successful boot for GRUB.
[[0;32m  OK  [0m] Started LXD - container startup/shutdown.
[[0;32m  OK  [0m] Started Virtualbox guest utils.
[[0;32m  OK  [0m] Started Dispatcher daemon for systemd-networkd.
[[0;32m  OK  [0m] Started Snap Daemon.
         Starting Wait until snapd is fully seeded...
[[0;32m  OK  [0m] Started Pollinate to seed the pseudo random number generator.
         Starting OpenBSD Secure Shell server...
[[0;32m  OK  [0m] Started OpenBSD Secure Shell server.
         Starting Time & Date Service...
[[0;32m  OK  [0m] Started Time & Date Service.
[[0;32m  OK  [0m] Created slice User Slice of vagrant.
         Starting User Manager for UID 1000...
[[0;32m  OK  [0m] Started Session 1 of user vagrant.
[[0;32m  OK  [0m] Started User Manager for UID 1000.
[[0;32m  OK  [0m] Started Wait until snapd is fully seeded.
         Starting Apply the settings specified in cloud-config...
[   15.764615] cloud-init[1584]: Cloud-init v. 23.1.2-0ubuntu0~18.04.1 running 'modules:config' at Sun, 11 Aug 2024 23:00:50 +0000. Up 15.48 seconds.
[[0;32m  OK  [0m] Started Apply the settings specified in cloud-config.
[[0;32m  OK  [0m] Reached target Multi-User System.
[[0;32m  OK  [0m] Reached target Graphical Interface.
         Starting Execute cloud user/final scripts...
         Starting Update UTMP about System Runlevel Changes...
[[0;32m  OK  [0m] Started Update UTMP about System Runlevel Changes.
ci-info: no authorized SSH keys fingerprints found for user ubuntu.
<14>Aug 11 23:00:51 cloud-init: #############################################################
<14>Aug 11 23:00:51 cloud-init: -----BEGIN SSH HOST KEY FINGERPRINTS-----
<14>Aug 11 23:00:51 cloud-init: 1024 SHA256:2Cyzfw400tLlZLGB089zZrVrdU5a7Ua/VLnGiIgW4Og root@ubuntu-bionic (DSA)
<14>Aug 11 23:00:51 cloud-init: 256 SHA256:KsOXxOjvbnlEVsGvOxnQyCMgWoM437MYxRushNK12yc root@ubuntu-bionic (ECDSA)
<14>Aug 11 23:00:51 cloud-init: 256 SHA256:NP5L+WEWuw+I2ACUUmNvMbQzcr77dPuvLP8cL9h2AlU root@ubuntu-bionic (ED25519)
<14>Aug 11 23:00:51 cloud-init: 2048 SHA256:7HxFOxpO23ZB59Ar2YZnCj7IWFgju2hhrJtsRMc6b1g root@ubuntu-bionic (RSA)
<14>Aug 11 23:00:51 cloud-init: -----END SSH HOST KEY FINGERPRINTS-----
<14>Aug 11 23:00:51 cloud-init: #############################################################
-----BEGIN SSH HOST KEY KEYS-----
ecdsa-sha2-nistp256 AAAAE2VjZHNhLXNoYTItbmlzdHAyNTYAAAAIbmlzdHAyNTYAAABBBKmWaBraSorfn1MJddDz9sNK3LWX/2SQWnJphXjqBVFxl58ZHC+wM7Fz621iHTaXu9ibXDz+H11Raa+pUNMK37k= root@ubuntu-bionic
ssh-ed25519 AAAAC3NzaC1lZDI1NTE5AAAAIBVjrbxPV/VjIYP0odc3R8M/B/S0rerQ+eFJ01c6h+AR root@ubuntu-bionic
ssh-rsa AAAAB3NzaC1yc2EAAAADAQABAAABAQDCjU4qwUdKmeNH+Hmh7sAAkhGBJZDXYuUiZlxXfvx3WyBsRB2D5zSYs42M6hF8bdiHxvLL45Lsk5gTkORqNsFfQdSJe5wT7OTPxAlVhJioGWKSnSpjCWjE3sQpHmHvpD41CRz7MWr/40Svu4tvhdp96It0Lu8wqKWxjIy+hjxGLw3l2UN98uZ5z3MScA66w5ROp1bS/qwQ0XH+vFiUVMuCTxkkkyO8CH8drGhCegsmsrC1m0cpJsC1g4XWQX5E9tp/x/5nK/2MhAe5JnMbvzjDeFJLvUesD+LpFMc/DKi0ShMHvLWRc4GZN2jMqH8gR0s4KiRpE5lThkwTEETENbJV root@ubuntu-bionic
-----END SSH HOST KEY KEYS-----
[   16.250349] cloud-init[1702]: Cloud-init v. 23.1.2-0ubuntu0~18.04.1 running 'modules:final' at Sun, 11 Aug 2024 23:00:51 +0000. Up 16.08 seconds.
[   16.255385] cloud-init[1702]: Cloud-init v. 23.1.2-0ubuntu0~18.04.1 finished at Sun, 11 Aug 2024 23:00:51 +0000. Datasource DataSourceNoCloud [seed=/dev/sdb][dsmode=net].  Up 16.24 seconds
[[0;32m  OK  [0m] Started Execute cloud user/final scripts.
[[0;32m  OK  [0m] Reached target Cloud-init target.

Ubuntu 18.04.6 LTS ubuntu-bionic ttyS0

ubuntu-bionic login:          Stopping Session 10 of user vagrant.
         Stopping User Manager for UID 1000...
         Stopping Authorization Manager...
[[0;32m  OK  [0m] Closed Load/Save RF Kill Switch Status /dev/rfkill Watch.
[[0;32m  OK  [0m] Stopped target Cloud-init target.
[[0;32m  OK  [0m] Stopped Execute cloud user/final scripts.
[[0;32m  OK  [0m] Stopped Apply the settings specified in cloud-config.
[[0;32m  OK  [0m] Stopped target Cloud-config availability.
         Stopping Availability of block devices...
[[0;32m  OK  [0m] Stopped target Timers.
[[0;32m  OK  [0m] Stopped Daily apt upgrade and clean activities.
[[0;32m  OK  [0m] Stopped Message of the Day.
[[0;32m  OK  [0m] Stopped Daily Cleanup of Temporary Directories.
[[0;32m  OK  [0m] Stopped Ubuntu Advantage Timer for running repeated jobs.
[[0;32m  OK  [0m] Stopped Daily apt download activities.
[[0;32m  OK  [0m] Stopped target Graphical Interface.
[[0;32m  OK  [0m] Stopped target Multi-User System.
         Stopping FUSE filesystem for LXC...
[[0;32m  OK  [0m] Stopped target Login Prompts.
         Stopping Getty on tty1...
         Stopping Serial Getty on ttyS0...
         Stopping LXD - container startup/shutdown...
         Stopping D-Bus System Message Bus...
         Stopping LSB: automatic crash report generation...
         Stopping LSB: Record successful boot for GRUB...
         Stopping Dispatcher daemon for systemd-networkd...
         Stopping irqbalance daemon...
         Stopping Deferred execution scheduler...
         Stopping OpenBSD Secure Shell server...
         Stopping System Logging Service...
         Stopping Virtualbox guest utils...
         Stopping The Apache HTTP Server...
[[0;32m  OK  [0m] Stopped Wait until snapd is fully seeded.
         Stopping Regular background program processing daemon...
[[0;32m  OK  [0m] Stopped Discard unused blocks once a week.
[[0;32m  OK  [0m] Stopped target System Time Synchronized.
         Stopping Accounts Service...
[[0;32m  OK  [0m] Stopped Regular background program processing daemon.
[[0;32m  OK  [0m] Stopped D-Bus System Message Bus.
[[0;32m  OK  [0m] Stopped Deferred execution scheduler.
[[0;32m  OK  [0m] Stopped Dispatcher daemon for systemd-networkd.
[[0;32m  OK  [0m] Stopped Session 10 of user vagrant.
[[0;32m  OK  [0m] Stopped irqbalance daemon.
[[0;32m  OK  [0m] Unmounted /var/lib/lxcfs.
[[0;32m  OK  [0m] Stopped System Logging Service.
[[0;32m  OK  [0m] Stopped Accounts Service.
[[0;32m  OK  [0m] Stopped Serial Getty on ttyS0.
[[0;32m  OK  [0m] Stopped Getty on tty1.
[[0;32m  OK  [0m] Stopped Authorization Manager.
[[0;32m  OK  [0m] Stopped OpenBSD Secure Shell server.
[[0;32m  OK  [0m] Stopped User Manager for UID 1000.
[[0;32m  OK  [0m] Stopped Availability of block devices.
[[0;32m  OK  [0m] Stopped FUSE filesystem for LXC.
[[0;32m  OK  [0m] Stopped LXD - container startup/shutdown.
[[0;32m  OK  [0m] Stopped LSB: Record successful boot for GRUB.
[[0;32m  OK  [0m] Removed slice system-getty.slice.
[[0;32m  OK  [0m] Stopped target Login Prompts (Pre).
[[0;32m  OK  [0m] Removed slice system-serial\x2dgetty.slice.
[[0;32m  OK  [0m] Removed slice User Slice of vagrant.
         Stopping Permit User Sessions...
         Stopping Login Service...
[[0;32m  OK  [0m] Stopped LSB: automatic crash report generation.
[[0;32m  OK  [0m] Stopped Permit User Sessions.
[[0;32m  OK  [0m] Stopped The Apache HTTP Server.
[[0;32m  OK  [0m] Stopped target Remote File Systems.
         Unmounting /vagrant...
[[0;32m  OK  [0m] Stopped target Host and Network Name Lookups.
[[0;32m  OK  [0m] Unmounted /vagrant.
[[0;32m  OK  [0m] Stopped target Network is Online.
[[0;32m  OK  [0m] Stopped target Network.
         Stopping Network Name Resolution...
[[0;32m  OK  [0m] Stopped target Remote File Systems (Pre).
[[0;32m  OK  [0m] Stopped Virtualbox guest utils.
[[0;32m  OK  [0m] Stopped Network Name Resolution.
         Stopping Network Service...
[[0;32m  OK  [0m] Stopped Login Service.
[[0;32m  OK  [0m] Stopped target Basic System.
[[0;32m  OK  [0m] Stopped target Paths.
[[0;32m  OK  [0m] Stopped ACPI Events Check.
[[0;32m  OK  [0m] Stopped target Sockets.
[[0;32m  OK  [0m] Closed Socket activation for snappy daemon.
[[0;32m  OK  [0m] Closed ACPID Listen Socket.
[[0;32m  OK  [0m] Closed cloud-init hotplug hook socket.
[[0;32m  OK  [0m] Closed Syslog Socket.
[[0;32m  OK  [0m] Closed LXD - unix socket.
[[0;32m  OK  [0m] Closed Open-iSCSI iscsid Socket.
[[0;32m  OK  [0m] Closed UUID daemon activation socket.
[[0;32m  OK  [0m] Stopped target Slices.
[[0;32m  OK  [0m] Closed D-Bus System Message Bus Socket.
[[0;32m  OK  [0m] Removed slice User and Session Slice.
[[0;32m  OK  [0m] Stopped target User and Group Name Lookups.
[[0;32m  OK  [0m] Stopped target System Initialization.
[[0;32m  OK  [0m] Stopped Commit a transient machine-id on disk.
[[0;32m  OK  [0m] Stopped Initial cloud-init job (metadata service crawler).
         Stopping Update UTMP about System Boot/Shutdown...
         Stopping Load/Save Random Seed...
[[0;32m  OK  [0m] Stopped target Local Encrypted Volumes.
[[0;32m  OK  [0m] Stopped Dispatch Password Requests to Console Directory Watch.
[[0;32m  OK  [0m] Stopped Forward Password Requests to Wall Directory Watch.
[[0;32m  OK  [0m] Stopped Load/Save Random Seed.
[[0;32m  OK  [0m] Stopped Update UTMP about System Boot/Shutdown.
[[0;32m  OK  [0m] Stopped Create Volatile Files and Directories.
[[0;32m  OK  [0m] Stopped target Local File Systems.
         Unmounting /run/user/1000...
[[0;32m  OK  [0m] Stopped target Mounted snaps.
[[0;32m  OK  [0m] Stopped target Mounting snaps.
[[0;32m  OK  [0m] Unmounted /run/user/1000.
[[0;32m  OK  [0m] Reached target Unmount All Filesystems.
[[0;32m  OK  [0m] Stopped target Local File Systems (Pre).
[[0;32m  OK  [0m] Stopped Create Static Device Nodes in /dev.
         Stopping Monitoring of LVM2 mirrors…ng dmeventd or progress polling...
[[0;32m  OK  [0m] Stopped target Swap.
[[0;32m  OK  [0m] Stopped Monitoring of LVM2 mirrors,…sing dmeventd or progress polling.
         Stopping LVM2 metadata daemon...
[[0;32m  OK  [0m] Stopped LVM2 metadata daemon.
[[0;32m  OK  [0m] Stopped Network Service.
[[0;32m  OK  [0m] Stopped Apply Kernel Variables.
[[0;32m  OK  [0m] Stopped Load Kernel Modules.
[[0;32m  OK  [0m] Stopped target Network (Pre).
[[0;32m  OK  [0m] Stopped Initial cloud-init job (pre-networking).
[[0;32m  OK  [0m] Stopped Remount Root and Kernel File Systems.
[[0;32m  OK  [0m] Reached target Shutdown.
[[0;32m  OK  [0m] Reached target Final Step.
         Starting Power-Off...
[ 1428.085558] reboot: Power down
